Using pre-set license
Built from '2020.3/release' branch; Version is '2020.3.12f1 (b3b2c6512326) revision 11776710'; Using compiler version '192528614'; Build Type 'Release'
OS: 'Windows 10 Pro; OS build 19041.1110; Version 2004; 64bit' Language: 'ja' Physical Memory: 16315 MB
BatchMode: 1, IsHumanControllingUs: 0, StartBugReporterOnCrash: 0, Is64bit: 1, IsPro: 0

 COMMAND LINE ARGUMENTS:
C:\Program Files\Unity\Hub\Editor\2020.3.12f1\Editor\Unity.exe
-adb2
-batchMode
-noUpm
-name
AssetImportWorker0
-projectPath
C:/Users/倉品快晴/Desktop/UnityProjects/UnityChan
-logFile
Logs/AssetImportWorker0.log
-srvPort
50246
Successfully changed project path to: C:/Users/倉品快晴/Desktop/UnityProjects/UnityChan
C:/Users/倉品快晴/Desktop/UnityProjects/UnityChan
Using Asset Import Pipeline V2.
Refreshing native plugins compatible for Editor in 32.82 ms, found 2 plugins.
Preloading 0 native plugins for Editor in 0.00 ms.
Initialize engine version: 2020.3.12f1 (b3b2c6512326)
[Subsystems] Discovering subsystems at path C:/Program Files/Unity/Hub/Editor/2020.3.12f1/Editor/Data/Resources/UnitySubsystems
[Subsystems] Discovering subsystems at path C:/Users/倉品快晴/Desktop/UnityProjects/UnityChan/Assets
GfxDevice: creating device client; threaded=0
Direct3D:
    Version:  Direct3D 11.0 [level 11.1]
    Renderer: NVIDIA GeForce GTX 1650 (ID=0x1f0a)
    Vendor:   
    VRAM:     3961 MB
    Driver:   27.21.14.5730
Initialize mono
Mono path[0] = 'C:/Program Files/Unity/Hub/Editor/2020.3.12f1/Editor/Data/Managed'
Mono path[1] = 'C:/Program Files/Unity/Hub/Editor/2020.3.12f1/Editor/Data/MonoBleedingEdge/lib/mono/unityjit'
Mono config path = 'C:/Program Files/Unity/Hub/Editor/2020.3.12f1/Editor/Data/MonoBleedingEdge/etc'
Using monoOptions --debugger-agent=transport=dt_socket,embedding=1,server=y,suspend=n,address=127.0.0.1:56704
Begin MonoManager ReloadAssembly
Registering precompiled unity dll's ...
Register platform support module: C:/Program Files/Unity/Hub/Editor/2020.3.12f1/Editor/Data/PlaybackEngines/WindowsStandaloneSupport/UnityEditor.WindowsStandalone.Extensions.dll
Registered in 0.001625 seconds.
Native extension for WindowsStandalone target not found
Refreshing native plugins compatible for Editor in 33.93 ms, found 2 plugins.
Preloading 0 native plugins for Editor in 0.00 ms.
Mono: successfully reloaded assembly
- Completed reload, in  1.029 seconds
Platform modules already initialized, skipping
Registering precompiled user dll's ...
Registered in 0.003815 seconds.
Begin MonoManager ReloadAssembly
Native extension for WindowsStandalone target not found
Refreshing native plugins compatible for Editor in 0.41 ms, found 2 plugins.
Preloading 0 native plugins for Editor in 0.00 ms.
Mono: successfully reloaded assembly
- Completed reload, in  0.931 seconds
Platform modules already initialized, skipping
========================================================================
Worker process is ready to serve import requests
Launched and connected shader compiler UnityShaderCompiler.exe after 0.04 seconds
Refreshing native plugins compatible for Editor in 0.49 ms, found 2 plugins.
Preloading 0 native plugins for Editor in 0.00 ms.
Unloading 1410 Unused Serialized files (Serialized files now loaded: 0)
System memory in use before: 71.4 MB.
System memory in use after: 71.4 MB.

Unloading 19 unused Assets to reduce memory usage. Loaded Objects now: 1846.
Total: 2.320200 ms (FindLiveObjects: 0.204400 ms CreateObjectMapping: 0.036200 ms MarkObjects: 1.983400 ms  DeleteObjects: 0.094500 ms)

AssetImportParameters requested are different than current active one (requested -> active):
  custom:framework-win-MediaFoundation: 216162199b28c13a410421893ffa2e32 -> 
  custom:video-decoder-ogg-theora: a1e56fd34408186e4bbccfd4996cb3dc -> 
  custom:container-muxer-webm: aa71ff27fc2769a1b78a27578f13a17b -> 
  custom:container-demuxer-webm: 4f35f7cbe854078d1ac9338744f61a02 -> 
  custom:container-demuxer-ogg: 62fdf1f143b41e24485cea50d1cbac27 -> 
  custom:video-encoder-webm-vp8: eb34c28f22e8b96e1ab97ce403110664 -> 
  custom:video-decoder-webm-vp8: 9c59270c3fd7afecdb556c50c9e8de78 -> 
  custom:audio-decoder-ogg-vorbis: bf7c407c2cedff20999df2af8eb42d56 -> 
  custom:audio-encoder-webm-vorbis: bf7c407c2cedff20999df2af8eb42d56 -> 
========================================================================
Received Import Request.
  path: Assets/Scenes
  artifactKey: Guid(77d26a314f9d4b94da62a793a0942c24) Importer(815301076,1909f56bfc062723c751e8b465ee728b)
Start importing Assets/Scenes using Guid(77d26a314f9d4b94da62a793a0942c24) Importer(815301076,1909f56bfc062723c751e8b465ee728b)  -> (artifact id: '639d52dc07f75f7179121305adaab883') in 0.008139 seconds 
  Import took 0.010631 seconds .

========================================================================
Received Import Request.
  Time since last request: 5.895573 seconds.
  path: Assets/Scenes/SampleScene.unity
  artifactKey: Guid(9fc0d4010bbf28b4594072e72b8655ab) Importer(815301076,1909f56bfc062723c751e8b465ee728b)
Start importing Assets/Scenes/SampleScene.unity using Guid(9fc0d4010bbf28b4594072e72b8655ab) Importer(815301076,1909f56bfc062723c751e8b465ee728b)  -> (artifact id: '85059f4f9e1a832ed95adaa0d25c5c4c') in 0.013465 seconds 
  Import took 0.015872 seconds .

========================================================================
Received Import Request.
  Time since last request: 5.331976 seconds.
  path: Assets/UnityChan/Scenes
  artifactKey: Guid(8b537f419e6e8431e9c7246bcf5c10b9) Importer(815301076,1909f56bfc062723c751e8b465ee728b)
Start importing Assets/UnityChan/Scenes using Guid(8b537f419e6e8431e9c7246bcf5c10b9) Importer(815301076,1909f56bfc062723c751e8b465ee728b)  -> (artifact id: 'f35f95df05d84e28cd4d5edc811f1758') in 0.003600 seconds 
  Import took 0.006281 seconds .

========================================================================
Received Import Request.
  Time since last request: 0.000596 seconds.
  path: Assets/UnityChan/Scenes
  artifactKey: Guid(8b537f419e6e8431e9c7246bcf5c10b9) Importer(815301076,1909f56bfc062723c751e8b465ee728b)
Start importing Assets/UnityChan/Scenes using Guid(8b537f419e6e8431e9c7246bcf5c10b9) Importer(815301076,1909f56bfc062723c751e8b465ee728b)  -> (artifact id: 'f35f95df05d84e28cd4d5edc811f1758') in 0.002598 seconds 
  Import took 0.004968 seconds .

========================================================================
Received Import Request.
  Time since last request: 6.400885 seconds.
  path: Assets/UnityChan/Scenes/ActionCheck.unity
  artifactKey: Guid(82af19ed76a8ed74fb1dd5d45c780da8) Importer(815301076,1909f56bfc062723c751e8b465ee728b)
Start importing Assets/UnityChan/Scenes/ActionCheck.unity using Guid(82af19ed76a8ed74fb1dd5d45c780da8) Importer(815301076,1909f56bfc062723c751e8b465ee728b)  -> (artifact id: 'b3e30039c9f8a94ca431d9853573b78a') in 0.007463 seconds 
  Import took 0.009876 seconds .

========================================================================
Received Import Request.
  Time since last request: 169.199722 seconds.
  path: Assets/UnityChan/Scenes/ARPoseTest.unity
  artifactKey: Guid(dc19d125674d55e4395fbb75f6d6f855) Importer(815301076,1909f56bfc062723c751e8b465ee728b)
Start importing Assets/UnityChan/Scenes/ARPoseTest.unity using Guid(dc19d125674d55e4395fbb75f6d6f855) Importer(815301076,1909f56bfc062723c751e8b465ee728b)  -> (artifact id: '76e7fd0eb11baaf6c5242350a4fd0c27') in 0.007395 seconds 
  Import took 0.010039 seconds .

========================================================================
Received Import Request.
  Time since last request: 3.456257 seconds.
  path: Assets/UnityChan/Scenes/Locomotion.unity
  artifactKey: Guid(957eefe92df624143ad9333b8bc01eb8) Importer(815301076,1909f56bfc062723c751e8b465ee728b)
Start importing Assets/UnityChan/Scenes/Locomotion.unity using Guid(957eefe92df624143ad9333b8bc01eb8) Importer(815301076,1909f56bfc062723c751e8b465ee728b)  -> (artifact id: '2362f2490a1c163bac5baf612b1862b4') in 0.007323 seconds 
  Import took 0.009727 seconds .

========================================================================
Received Import Request.
  Time since last request: 1.847426 seconds.
  path: Assets/UnityChan/Scenes/SecondaryAnimation.unity
  artifactKey: Guid(303d6058a98f643abb202d652ad2be31) Importer(815301076,1909f56bfc062723c751e8b465ee728b)
Start importing Assets/UnityChan/Scenes/SecondaryAnimation.unity using Guid(303d6058a98f643abb202d652ad2be31) Importer(815301076,1909f56bfc062723c751e8b465ee728b)  -> (artifact id: '02df7359ff8a2e10bfb8e9fd3440ebd8') in 0.007533 seconds 
  Import took 0.010074 seconds .

========================================================================
Received Import Request.
  Time since last request: 21.286398 seconds.
  path: Assets/UnityChan/Scripts/CameraController.cs
  artifactKey: Guid(bd026706e81db0440add962177d87b23) Importer(815301076,1909f56bfc062723c751e8b465ee728b)
Start importing Assets/UnityChan/Scripts/CameraController.cs using Guid(bd026706e81db0440add962177d87b23) Importer(815301076,1909f56bfc062723c751e8b465ee728b)  -> (artifact id: 'dbcb0f31baafba771f1ab9b64bd2f800') in 0.023736 seconds 
  Import took 0.026333 seconds .

========================================================================
Received Import Request.
  Time since last request: 0.008056 seconds.
  path: Assets/UnityChan/Scripts/CameraController.cs
  artifactKey: Guid(bd026706e81db0440add962177d87b23) Importer(815301076,1909f56bfc062723c751e8b465ee728b)
Start importing Assets/UnityChan/Scripts/CameraController.cs using Guid(bd026706e81db0440add962177d87b23) Importer(815301076,1909f56bfc062723c751e8b465ee728b)  -> (artifact id: 'dbcb0f31baafba771f1ab9b64bd2f800') in 0.003416 seconds 
  Import took 0.008492 seconds .

========================================================================
Received Import Request.
  Time since last request: 39.139270 seconds.
  path: Assets/UnityChan
  artifactKey: Guid(e22bb5b48ba97435ab1891ac2638c592) Importer(815301076,1909f56bfc062723c751e8b465ee728b)
Start importing Assets/UnityChan using Guid(e22bb5b48ba97435ab1891ac2638c592) Importer(815301076,1909f56bfc062723c751e8b465ee728b)  -> (artifact id: '44772854d4711d2b6aa3fe7d3f00be11') in 0.007616 seconds 
  Import took 0.010257 seconds .

========================================================================
Received Import Request.
  Time since last request: 0.000632 seconds.
  path: Assets/UnityChan
  artifactKey: Guid(e22bb5b48ba97435ab1891ac2638c592) Importer(815301076,1909f56bfc062723c751e8b465ee728b)
Start importing Assets/UnityChan using Guid(e22bb5b48ba97435ab1891ac2638c592) Importer(815301076,1909f56bfc062723c751e8b465ee728b)  -> (artifact id: '44772854d4711d2b6aa3fe7d3f00be11') in 0.002327 seconds 
  Import took 0.005055 seconds .

========================================================================
Received Prepare
Registering precompiled user dll's ...
Registered in 0.004065 seconds.
Begin MonoManager ReloadAssembly
Native extension for WindowsStandalone target not found
Refreshing native plugins compatible for Editor in 0.40 ms, found 2 plugins.
Preloading 0 native plugins for Editor in 0.00 ms.
Mono: successfully reloaded assembly
- Completed reload, in  0.903 seconds
Platform modules already initialized, skipping
Refreshing native plugins compatible for Editor in 0.38 ms, found 2 plugins.
Preloading 0 native plugins for Editor in 0.00 ms.
Unloading 1394 Unused Serialized files (Serialized files now loaded: 0)
System memory in use before: 70.2 MB.
System memory in use after: 70.3 MB.

Unloading 14 unused Assets to reduce memory usage. Loaded Objects now: 1849.
Total: 1.969100 ms (FindLiveObjects: 0.157700 ms CreateObjectMapping: 0.033300 ms MarkObjects: 1.708400 ms  DeleteObjects: 0.068200 ms)

AssetImportParameters requested are different than current active one (requested -> active):
  custom:framework-win-MediaFoundation: 216162199b28c13a410421893ffa2e32 -> 
  custom:video-decoder-ogg-theora: a1e56fd34408186e4bbccfd4996cb3dc -> 
  custom:container-muxer-webm: aa71ff27fc2769a1b78a27578f13a17b -> 
  custom:container-demuxer-webm: 4f35f7cbe854078d1ac9338744f61a02 -> 
  custom:container-demuxer-ogg: 62fdf1f143b41e24485cea50d1cbac27 -> 
  custom:video-encoder-webm-vp8: eb34c28f22e8b96e1ab97ce403110664 -> 
  custom:video-decoder-webm-vp8: 9c59270c3fd7afecdb556c50c9e8de78 -> 
  custom:audio-decoder-ogg-vorbis: bf7c407c2cedff20999df2af8eb42d56 -> 
  custom:audio-encoder-webm-vorbis: bf7c407c2cedff20999df2af8eb42d56 -> 
========================================================================
Received Prepare
Registering precompiled user dll's ...
Registered in 0.003968 seconds.
Begin MonoManager ReloadAssembly
Native extension for WindowsStandalone target not found
Refreshing native plugins compatible for Editor in 0.47 ms, found 2 plugins.
Preloading 0 native plugins for Editor in 0.00 ms.
Mono: successfully reloaded assembly
- Completed reload, in  1.083 seconds
Platform modules already initialized, skipping
Refreshing native plugins compatible for Editor in 0.39 ms, found 2 plugins.
Preloading 0 native plugins for Editor in 0.00 ms.
Unloading 1394 Unused Serialized files (Serialized files now loaded: 0)
System memory in use before: 70.3 MB.
System memory in use after: 70.3 MB.

Unloading 14 unused Assets to reduce memory usage. Loaded Objects now: 1852.
Total: 2.260100 ms (FindLiveObjects: 0.175200 ms CreateObjectMapping: 0.033000 ms MarkObjects: 1.955900 ms  DeleteObjects: 0.094000 ms)

AssetImportParameters requested are different than current active one (requested -> active):
  custom:framework-win-MediaFoundation: 216162199b28c13a410421893ffa2e32 -> 
  custom:video-decoder-ogg-theora: a1e56fd34408186e4bbccfd4996cb3dc -> 
  custom:container-muxer-webm: aa71ff27fc2769a1b78a27578f13a17b -> 
  custom:container-demuxer-webm: 4f35f7cbe854078d1ac9338744f61a02 -> 
  custom:container-demuxer-ogg: 62fdf1f143b41e24485cea50d1cbac27 -> 
  custom:video-encoder-webm-vp8: eb34c28f22e8b96e1ab97ce403110664 -> 
  custom:video-decoder-webm-vp8: 9c59270c3fd7afecdb556c50c9e8de78 -> 
  custom:audio-decoder-ogg-vorbis: bf7c407c2cedff20999df2af8eb42d56 -> 
  custom:audio-encoder-webm-vorbis: bf7c407c2cedff20999df2af8eb42d56 -> 
========================================================================
Received Prepare
Registering precompiled user dll's ...
Registered in 0.003513 seconds.
Begin MonoManager ReloadAssembly
Native extension for WindowsStandalone target not found
Refreshing native plugins compatible for Editor in 0.38 ms, found 2 plugins.
Preloading 0 native plugins for Editor in 0.00 ms.
Mono: successfully reloaded assembly
- Completed reload, in  0.891 seconds
Platform modules already initialized, skipping
Refreshing native plugins compatible for Editor in 0.38 ms, found 2 plugins.
Preloading 0 native plugins for Editor in 0.00 ms.
Unloading 1394 Unused Serialized files (Serialized files now loaded: 0)
System memory in use before: 70.3 MB.
System memory in use after: 70.4 MB.

Unloading 14 unused Assets to reduce memory usage. Loaded Objects now: 1855.
Total: 1.780600 ms (FindLiveObjects: 0.177800 ms CreateObjectMapping: 0.032900 ms MarkObjects: 1.509200 ms  DeleteObjects: 0.059300 ms)

AssetImportParameters requested are different than current active one (requested -> active):
  custom:framework-win-MediaFoundation: 216162199b28c13a410421893ffa2e32 -> 
  custom:video-decoder-ogg-theora: a1e56fd34408186e4bbccfd4996cb3dc -> 
  custom:container-muxer-webm: aa71ff27fc2769a1b78a27578f13a17b -> 
  custom:container-demuxer-webm: 4f35f7cbe854078d1ac9338744f61a02 -> 
  custom:container-demuxer-ogg: 62fdf1f143b41e24485cea50d1cbac27 -> 
  custom:video-encoder-webm-vp8: eb34c28f22e8b96e1ab97ce403110664 -> 
  custom:video-decoder-webm-vp8: 9c59270c3fd7afecdb556c50c9e8de78 -> 
  custom:audio-decoder-ogg-vorbis: bf7c407c2cedff20999df2af8eb42d56 -> 
  custom:audio-encoder-webm-vorbis: bf7c407c2cedff20999df2af8eb42d56 -> 
AssetImportWorkerClient::OnTransportError - code=2 error=End of file
